onts in this package use the Gurmukhi script. In Pakistan,
 Punjabi is written using Arabic script. The Devanagari script is also
 sometimes used in India.
Homepage: http://debian-in.alioth.debian.org/
Original-Maintainer: Debian-IN Team <debian-in-workers@lists.alioth.debian.org>

Package: lshw
Priority: optional
Section: utils
Installed-Size: 726
Maintainer: Ubuntu Developers <ubuntu-devel-discuss@lists.ubuntu.com>
Architecture: i386
Version: 02.15-2
Depends: libc6 (>= 2.4), libgcc1 (>= 1:4.1.1), libstdc++6 (>= 4.4.0)
Recommends: pciutils, usbutils
Size: 297804
Description: information about hardware configuration
 A small tool to provide detailed information on the hardware
 configuration of the machine. It can report exact memory
 configuration, firmware version, mainboard configuration, CPU version
 and speed, cache configuration, bus speed, etc. on DMI-capable x86
 systems, on some PowerPC machines (PowerMac G4 is known to work) and AMD64.
 .
 Information can be output in plain text, HTML or XML.
Original-Maintainer: Ghe Rivero <ghe.rivero@gmail.com>

Package: evince
Priority: optional
Section: gnome
Installed-Size: 1054
Maintainer: Ubuntu Developers <ubuntu-devel-discuss@lists.ubuntu.com>
Architecture: i386
Version: 3.4.0-0ubuntu1.4
Provides: djvu-viewer, pdf-viewer, postscript-viewer
Depends: libatk1.0-0 (>= 1.12.4), libc6 (>= 2.4), libcairo2 (>= 1.10.0), libevince3-3 (= 3.4.0-0ubuntu1.4), libgdk-pixbuf2.0-0 (>= 2.22.0), libglib2.0-0 (>= 2.31.8), libgnome-keyring0 (>= 2.22.2), libgtk-3-0 (>= 3.0.2), libice6 (>= 1:1.0.0), liblaunchpad-integration-3.0-1 (>= 0.1.17), libnautilus-extension1a (>= 1:2.91), libsm6, libx11-6, libxml2 (>= 2.7.4), evince-common (>= 3.4), evince-common (<< 3.5), gnome-icon-theme (>= 2.17.1), shared-mime-info
Recommends: dbus-x11, gvfs
Suggests: unrar, poppler-data, nautilus, apparmor
Conflicts: evince-gtk
Size: 204784
Description: Document (PostScript, PDF) viewer
 Evince is a simple multi-page document viewer.  It can display and print
 PostScript (PS), Encapsulated PostScript (EPS), DJVU, DVI and Portable
 Document Format (PDF) files.
 When supported by the document, it also allows searching for text,
 copying text to the clipboard, hypertext navigation, and
 table-of-contents bookmarks.
Homepage: http://www.gnome.org/projects/evince/
Original-Maintainer: Debian GNOME Maintainers <pkg-gnome-maintainers@lists.alioth.debian.org>

Package: evince-common
Priority: optional
Section: gnome
Installed-Size: 2400
Maintainer: Ubuntu Developers <ubuntu-devel-discuss@lists.ubuntu.com>
Architecture: all
Source: evince
Version: 3.4.0-0ubuntu1.4
Replaces: evince (<< 2.30.3-1), evince-gtk (<< 2.26.2)
Depends: dconf-gsettings-backend | gsettings-backend, gsettings-desktop-schemas
Size: 476110
Description: Document (PostScript, PDF) viewer - common files
 Evince is a simple multi-page document viewer.  It can display and print
 PostScript (PS), Encapsulated PostScript (EPS), DJVU, DVI and Portable
 Document Format (PDF) files.
 When supported by the document, it also allows searching for text,
 copying text to the clipboard, hypertext navigation, and
 table-of-contents bookmarks.
 .
 This package contains shared files for evince and evince-gtk packages.
Homepage: http://www.gnome.org/projects/evince/
Original-Maintainer: Debian GNOME Maintainers <pkg-gnome-maintainers@lists.alioth.debian.org>

Package: libshout3
Multi-Arch: same
Priority: optional
Section: libs
Installed-Size: 113
Maintainer: Ubuntu Developers <ubuntu-devel-discuss@lists.ubuntu.com>
Architecture: i386
Source: libshout
Version: 2.2.2-7ubuntu1
Depends: libc6 (>= 2.4), libogg0 (>= 1.0rc3), libspeex1 (>= 1.2~beta3-1), libtheora0 (>= 0.0.0.alpha7.dfsg), libvorbis0a (>= 1.1.2)
Pre-Depends: multiarch-support
Size: 37082
Description: MP3/Ogg Vorbis broadcast streaming library
 A library for communicating with and sending data to Icecast and Icecast 2
 streaming audio servers.  It handles the socket connection, the timing of
 the data transmission, and prevents bad data from getting to the server.
Homepage: http://www.icecast.org/
Original-Maintainate: 0
Remove-Reason: 0

Package: libsoundtouch0
Architecture: i386
Unseen: no
State: 3
Dselect-State: 0
Remove-Reason: 0

Package: ocaml-findlib-wizard
Architecture: i386
Unseen: no
State: 3
Dselect-State: 0
Remove-Reason: 0

Package: libpcap0.8-dbg
Architecture: i386
Unseen: no
State: 3
Dselect-State: 0
Remove-Reason: 0

Package: bogl-bterm
Architecture: i386
Unseen: no
State: 3
Dselect-State: 0
Remove-Reason: 0

Package: xipmsg
Architecture: i386
Unseen: no
State: 3
Dselect-State: 0
Remove-Reason: 0

Package: xfce4-indicator-plugin
Architecture: i386
Unseen: no
State: 1
Dselect-State: 1
Remove-Reason: 0

Package: pythoncard
Architecture: i386
Unseen: no
State: 3
Dselect-State: 0
Remove-Reason: 0

Package: libsilly-dev
Architecture: i386
Unseen: no
State: 3
Dselect-State: 0
Remove-Reason: 0

Package: libghc6-hsql-odbc-doc
Architecture: i386
Unseen: no
State: 3
Dselect-State: 0
Remove-Reason: 0

Package: libghc-statevar-prof
Architecture: i386
Unseen: no
State: 3
Dselect-State: 0
Remove-Reason: 0

Package: libcupt2-doc
Architecture: i386
Unseen: no
State: 3
Dselect-State: 0
Remove-Reason: 0

Package: libbin-prot-camlp4-dev
Architecture: i386
Unseen: no
State: 3
Dselect-State: 0
Remove-Reason: 0

Package: libapache2-mod-encoding
Architecture: i386
Unseen: no
State: 3
Dselect-State: 0
Remove-Reason: 0

Package: libaiksaurus-1.2-data
Architecture: i386
Unseen: no
State: 3
Dselect-State: 0
Remove-Reason: 0

Package: gforth-common
Architecture: i386
Unseen: no
State: 3
Dselect-State: 0
Remove-Reason: 0

Package: libphp-simplepie
Architecture: i386
Unseen: no
State: 3
Dselect-State: 0
Remove-Reason: 0

Package: python-qt4-gl
Architecture: i386
Unseen: no
State: 1
Dselect-State: 1
Remove-Reason: 0

Package: odbcinst1debian2
Architecture: i386
Unseen: no
State: 3
Dselect-State: 0
Remove-Reason: 0

Package: libgdata-dev
Architecture: i386
Unseen: no
State: 3
Dselect-State: 0
Remove-Reason: 0

Package: libfacile-ocaml-dev
Architecture: i386
Unseen: no
State: 3
Dselect-State: 0
Remove-Reason: 0

Package: ser-postgres-module
Architecture: i386
Unseen: no
State: 3
Dselect-State: 0
Remove-Reason: 0

Package: python-sfml
Architecture: i386
Unseen: no
State: 3
Dselect-State: 0
Remove-Reason: 0

Package: php5-memcache
Architecture: i386
Unseen: no
State: 3
Dselect-State: 0
Remove-Reason: 0

Package: libtime-warp-perl
Architecture: i386
Unseen: no
State: 3
Dselect-State: 0
Remove-Reason: 0

Package: libpar2-0-dev
Architecture: i386
Unseen: no
State: 3
Dselect-State: 0
Remove-Reason: 0

Package: libogg-ocaml
Architecture: i386
Unseen: no
State: 3
Dselect-State: 0
Remove-Reason: 0

Package: libmaven-archiver-java-doc
Architecture: i386
Unseen: no
State: 3
Dselect-State: 0
Remove-Reason: 0

Package: libghc-yesod-json-dev
Architecture: i386
Unseen: no
State: 3
Dselect-State: 0
Remove-Reason: 0

Package: libdose2-ocaml-dev
Architecture: i386
Unseen: no
State: 3
Dselect-State: 0
Remove-Reason: 0

Package: libcojets2-gfortran
Architecture: i386
Unseen: no
State: 3
Dselect-State: 0
Remove-Reason: 0

Package: lcdproc-dbg
Architecture: i386
Unseen: no
State: 3
Dselect-State: 0
Remove-Reason: 0

Package: pinyin-database
Architecture: i386
Unseen: no
State: 3
Dselect-State: 0
Remove-Reason: 0

Package: gnome-dictionary
Architecture: i386
Unseen: no
State: 3
Dselect-State: 0
Remove-Reason: 0

Package: gambas2-gb-qt
Architecture: i386
Unseen: no
State: 3
Dselect-State: 0
Remove-Reason: 0

Package: libgalax-ocaml-dev
Architecture: i386
Unseen: no
State: 3
Dselect-State: 0
Remove-Reason: 0

Package: fso-deviced
Architecture: i386
Unseen: no
State: 3
Dselect-State: 0
Remove-Reason: 0

Package: libepsilon0
Architecture: i386
Unseen: no
State: 3
Dselect-State: 0
Remove-Reason: 0

Package: crtmpserver-dev
Architecture: i386
Unseen: no
State: 3
Dselect-State: 0
Remove-Reason: 0

Package: icedtea-netx-common
Architecture: i386
Unseen: no
State: 3
Dselect-State: 0
Remove-Reason: 0

Package: python-zope.app.authentication
Architecture: i386
Unseen: no
State: 3
Dselect-State: 0
Remove-Reason: 0

Package: plasma-widget-kbstate
Architecture: i386
Unseen: no
State:actimage
Architecture: i386
Unseen: no
State: 3
Dselect-State: 0
Remove-Reason: 0

Package: djvusmooth
Architecture: i386
Unseen: no
State: 3
Dselect-State: 0
Remove-Reason: 0

Package: coriander
Architecture: i386
Unseen: no
State: 3
Dselect-State: 0
Remove-Reason: 0

Package: cachefilesd
Architecture: i386
Unseen: no
State: 3
Dselect-State: 0
Remove-Reason: 0

Package: aspell-hu
Architecture: i386
Unseen: no
State: 3
Dselect-State: 0
Remove-Reason: 0

Package: libapache2-mod-scgi
Architecture: i386
Unseen: no
State: 3
Dselect-State: 0
Remove-Reason: 0

Package: libdbd-sqlite3
Architecture: i386
Unseen: no
State: 3
Dselect-State: 0
Remove-Reason: 0

Package: language-pack-gnome-lg-base
Architecture: i386
Unseen: no
State: 3
Dselect-State: 0
Remove-Reason: 0

Package: language-pack-gnome-kl-base
Architecture: i386
Unseen: no
State: 3
Dselect-State: 0
Remove-Reason: 0

Package: libsm-dev
Architecture: i386
Unseen: no
State: 1
Dselect-State: 1
Remove-Reason: 0

Package: at-spi2-doc
Architecture: i386
Unseen: no
State: 3
Dselect-State: 0
Remove-Reason: 0

Package: libatk1.0-0
Architecture: i386
Unseen: no
State: 1
Dselect-State: 1
Remove-Reason: 0

Package: python-gammu-dbg
Architecture: i386
Unseen: no
State: 3
Dselect-State: 0
Remove-Reason: 0

Package: nginx-extras
Architecture: i386
Unseen: no
State: 3
Dselect-State: 0
Remove-Reason: 0

Package: lxsession
Architecture: i386
Unseen: no
State: 3
Dselect-State: 0
Remove-Reason: 0

Package: libumlib-dev
Architecture: i386
Unseen: no
State: 3
Dselect-State: 0
Remove-Reason: 0

Package: libterm-ansicolor-ruby1.8
Architecture: i386
Unseen: no
State: 3
Dselect-State: 0
Remove-Reason: 0

Package: libsignatures-perl
Architecture: i386
Unseen: no
State: 3
Dselect-State: 0
Remove-Reason: 0

Package: libshairport1
Architecture: i386
Unseen: no
State: 3
Dselect-State: 0
Remove-Reason: 0

Package: libghc-hs3-prof
Architecture: i386
Unseen: no
State: 3
Dselect-State: 0
Remove-Reason: 0

Package: jclassinfo
Architecture: i386
Unseen: no
State: 3
Dselect-State: 0
Remove-Reason: 0

Package: libclxclient3
Architecture: i386
Unseen: no
State: 3
Dselect-State: 0
Remove-Reason: 0

Package: xorg-docs-core
Architecture: i386
Unseen: no
State: 1
Dselect-State: 1
Remove-Reason: 0

Package: powernap
Architecture: i386
Unseen: no
State: 3
Dselect-State: 0
Remove-Reason: 0

Package: qt4-doc
Architecture: i386
Unseen: no
State: 3
Dselect-State: 0
Remove-Reason: 0

Package: dovecot-dev
Architecture: i386
Unseen: no
State: 3
Dselect-State: 0
Remove-Reason: 0

Package: ros-fuerte-remote-lab
Architecture: i386
Unseen: no
State: 3
Dselect-State: 0
Remove-Reason: 0

Package: yaml-mode
Architecture: i386
Unseen: no
State: 3
Dselect-State: 0
Remove-Reason: 0

Package: simhash
Architecture: i386
Unseen: no
State: 3
Dselect-State: 0
Remove-Reason: 0

Package: rxvt-beta
Architecture: i386
Unseen: no
State: 3
Dselect-State: 0
Remove-Reason: 0

Package: omegat-plugin-tokenizer
Architecture: i386
Unseen: no
State: 3
Dselect-State: 0
Remove-Reason: 0

Package: libruli-bin
Architecture: i386
Unseen: no
State: 3
Dselect-State: 0
Remove-Reason: 0

Package: libpresage1-dbg
Architecture: i386
Unseen: no
State: 3
Dselect-State: 0
Remove-Reason: 0

Package: libuser-identity-perl
Architecture: i386
Unseen: no
State: 3
Dselect-State: 0
Remove-Reason: 0

Package: libjifty-dbi-perl
Architecture: i386
Unseen: no
State: 3
Dselect-State: 0
Remove-Reason: 0

Package: libghc-terminfo-doc
Architecture: i386
Unseen: no
State: 3
Dselect-State: 0
Remove-Reason: 0

Package: libaften-dev
Architecture: i386
Unseen: no
State: 3
Dselect-State: 0
Remove-Reason: 0

Package: python-liblo
Architecture: i386
Unseen: no
State: 3
Dselect-State: 0
Remove-Reason: 0

Package: gpsdrive-scripts
Architecture: i386
Unseen: no
State: 3
Dselect-State: 0
Remove-Reason: 0

Package: dov4l
Architecture: i386
Unseen: no
State: 3
Dselect-State: 0
Remove-Reason: 0

Package: codeblocks
Architecture: i386
Unseen: no
State: 3
Dselect-State: 0
Remove-Reason: 0

Package: cipux-rpc-tools
Architecture: i386
Unseen: no
State: 3
Dselect-State: 0
Remove-Reason: 0

Package 0

Package: planner
Architecture: i386
Unseen: no
State: 3
Dselect-State: 0
Remove-Reason: 0

Package: coffeescript-doc
Architecture: i386
Unseen: no
State: 3
Dselect-State: 0
Remove-Reason: 0

Package: bsdtar
Architecture: i386
Unseen: no
State: 3
Dselect-State: 0
Remove-Reason: 0

Package: bootcd-ia64
Architecture: i386
Unseen: no
State: 3
Dselect-State: 0
Remove-Reason: 0

Package: libxcb-image0
Architecture: i386
Unseen: no
State: 3
Dselect-State: 0
Remove-Reason: 0

Package: libmodplug1
Architecture: i386
Unseen: no
State: 3
Dselect-State: 0
Remove-Reason: 0

Package: amoebax-data
Architecture: i386
Unseen: no
State: 3
Dselect-State: 0
Remove-Reason: 0

Package: libdbusmenu-jsonloader4
Architecture: i386
Unseen: no
State: 3
Dselect-State: 0
Remove-Reason: 0

Package: liblcms2-dev
Architecture: i386
Unseen: no
State: 3
Dselect-State: 0
Remove-Reason: 0

Package: jed-extra
Architecture: i386
Unseen: no
State: 3
Dselect-State: 0
Remove-Reason: 0

Package: hdparm
Architecture: i386
Unseen: no
State: 1
Dselect-State: 1
Remove-Reason: 0

Package: qfits-tools
Architecture: i386
Unseen: no
State: 3
Dselect-State: 0
Remove-Reason: 0

Package: putty-doc
Architecture: i386
Unseen: no
State: 3
Dselect-State: 0
Remove-Reason: 0

Package: libgtkada-bin
Architecture: i386
Unseen: no
State: 3
Dselect-State: 0
Remove-Reason: 0

Package: libghc-hlint-dev
Architecture: i386
Unseen: no
State: 3
Dselect-State: 0
Remove-Reason: 0

Package: libdata-password-perl
Architecture: i386
Unseen: no
State: 3
Dselect-State: 0
Remove-Reason: 0

Package: insanity-tools
Architecture: i386
Unseen: no
State: 3
Dselect-State: 0
Remove-Reason: 0

Package: wavpack
Architecture: i386
Unseen: no
State: 3
Dselect-State: 0
Remove-Reason: 0

Package: kscd
Architecture: i386
Unseen: no
State: 3
Dselect-State: 0
Remove-Reason: 0

Package: ros-fuerte-exploration
Architecture: i386
Unseen: no
State: 3
Dselect-State: 0
Remove-Reason: 0

Package: unmo3
Architecture: i386
Unseen: no
State: 3
Dselect-State: 0
Remove-Reason: 0

Package: shinken-arbiter
Architecture: i386
Unseen: no
State: 3
Dselect-State: 0
Remove-Reason: 0

Package: python-templayer
Architecture: i386
Unseen: no
State: 3
Dselect-State: 0
Remove-Reason: 0

Package: python-mvpa-doc
Architecture: i386
Unseen: no
State: 3
Dselect-State: 0
Remove-Reason: 0

Package: opendrim-lmp-recordlog
Architecture: i386
Unseen: no
State: 3
Dselect-State: 0
Remove-Reason: 0

Package: libzrtpcpp-dev
Architecture: i386
Unseen: no
State: 3
Dselect-State: 0
Remove-Reason: 0

Package: libvorbisfile-ruby1.8
Architecture: i386
Unseen: no
State: 3
Dselect-State: 0
Remove-Reason: 0

Package: libswirl-java-doc
Architecture: i386
Unseen: no
State: 3
Dselect-State: 0
Remove-Reason: 0

Package: libsamba-credentials-dev
Architecture: i386
Unseen: no
State: 3
Dselect-State: 0
Remove-Reason: 0

Package: libcgi-application-plugin-logdispatch-perl
Architecture: i386
Unseen: no
State: 3
Dselect-State: 0
Remove-Reason: 0

Package: glassfish-toplink-essentials
Architecture: i386
Unseen: no
State: 3
Dselect-State: 0
Remove-Reason: 0

Package: gbase
Architecture: i386
Unseen: no
State: 3
Dselect-State: 0
Remove-Reason: 0

Package: fso-gsm0710muxd
Architecture: i386
Unseen: no
State: 3
Dselect-State: 0
Remove-Reason: 0

Package: cl-spatial-trees
Architecture: i386
Unseen: no
State: 3
Dselect-State: 0
Remove-Reason: 0

Package: cl-ftp
Architecture: i386
Unseen: no
State: 3
Dselect-State: 0
Remove-Reason: 0

Package: vblade
Architecture: i386
Unseen: no
State: 3
Dselect-State: 0
Remove-Reason: 0

Package: libnuma-dbg
Architecture: i386
Unseen: no
State: 3
Dselect-State: 0
Remove-Reason: 0

Package: libmono-web4.0-cil
Architecture: i386
Unseen: no
State: 3
Dselect-State: 0
Remove-Reason: 0

Package: ldp-docbook-xsl
Architecture: i386
Unseen: no
State: 3
Dselect-State: 0
Remove-Reason: 0

Package: evolution-data-server-dbg
Architecture: i386
Unseen: no
State: 3
Dselect-State: 0
Remove-Reason: 0

Package: ros-fuerte-ecl-manipulation
Architecture: i386
Unseen: no
State: 3
Dselect-State: 0
Remove-Reason: 0

Package: tqsllib-dev
Architecture: i386
Unseen: no
State: 3
Dselect-State: 0
Remove-Reason: 0

Package: tesseract-ocr-ind
Architecture: i386
Unseen: no
State: 3
Dselect-State: 0
Remove-Reason: 0

Package: turtleart
Architecture: i386
Unseen: no
State: 3
Dselect-State: 0
Remove-Reason: 0

Package: search-citeseer
Architecture: i386
Unseen: no
State: 3
Dselect-State: 0
Remove-Reason: 0

Package: python-pysqlite2-doc
Architecture: i386
Unseen: no
State: 3
Dselect-State: 0
Remove-Reason: 0

Package: plasma-widget-uim
Architecture: i386
Unseen: no
State: 3
Dselect-State: 0
Remove-Reason: 0

Package: makexvpics
Architecture: i386
Unseen: no
State: 3
Dselect-State: 0
Remove-Reason: 0

Package: lynis
Architecture: i386
Unseen: no
State: 3
Dselect-State: 0
Remove-Reason: 0

Package: libnet6-1.3-dev
Architecture: i386
Unseen: no
State: 3
Dselect-State: 0
Remove-Reason: 0

Package: libncbi6-dbg
Architecture: i386
Unseen: no
State: 3
Dselect-State: 0
Remove-Reason: 0

Package: mutter-common
Architecture: i386
Unseen: no
State: 3
Dselect-State: 0
Remove-Reason: 0

Package: libjpeg-turbo-test
Architecture: i386
Unseen: no
State: 3
Dselect-State: 0
Remove-Reason: 0

Package: libatdgen-ocaml-dev
Architecture: i386
Unseen: no
State: 3
Dselect-State: 0
Remove-Reason: 0

Package: libsaml7
Architecture: i386
Unseen: no
State: 3
Dselect-State: 0
Remove-Reason: 0

Package: librack-ruby
Architecture: i386
Unseen: no
State: 3
Dselect-State: 0
Remove-Reason: 0

Package: jupp
Architecture: i386
Unseen: no
State: 3
Dselect-State: 0
Remove-Reason: 0

Package: jbofihe
Architecture: i386
Unseen: no
State: 3
Dselect-State: 0
Remove-Reason: 0

Package: ispanish
Architecture: i386
Unseen: no
State: 3
Dselect-State: 0
Remove-Reason: 0

Package: gap-doc
Architecture: i386
Unseen: no
State: 3
Dselect-State: 0
Remove-Reason: 0

Package: fosfat-dev
Architecture: i386
Unseen: no
State: 3
Dselect-State: 0
Remove-Reason: 0

Package: flatzinc
Architecture: i386
Unseen: no
State: 3
Dselect-State: 0
Remove-Reason: 0

Package: libuninameslist-dev
Architecture: i386
Unseen: no
State: 3
Dselect-State: 0
Remove-Reason: 0

Package: lib64bz2-1.0
Architecture: i386
Unseen: no
State: 3
Dselect-State: 0
Remove-Reason: 0

Package: kppp
Architecture: i386
Unseen: no
State: 3
Dselect-State: 0
Remove-Reason: 0

Package: doc-linux-nonfree-text
Architecture: i386
Unseen: no
State: 3
Dselect-State: 0
Remove-Reason: 0

Package: parmetis-doc
Architecture: i386
Unseen: no
State: 3
Dselect-State: 0
Remove-Reason: 0

Package: amoeba-data
Architecture: i386
Unseen: no
State: 3
Dselect-State: 0
Remove-Reason: 0

Package: xfonts-cronyx-75dpi
Architecture: i386
Unseen: no
State: 3
Dselect-State: 0
Remove-Reason: 0

Package: libmemcache-client-ruby1.8
Architecture: i386
Unseen: no
State: 3
Dselect-State: 0
Remove-Reason: 0

Package: libghc6-terminfo-dev
Architecture: i386
Unseen: no
State: 3
Dselect-State: 0
Remove-Reason: 0

Package: libghc-semigroupoids-dev
Architecture: i386
Unseen: no
State: 3
Dselect-State: 0
Remove-Reason: 0

Package: libapache-authenhook-perl
Architecture: i386
Unseen: no
State: 3
Dselect-State: 0
Remove-Reason: 0

Package: kodos
Architecture: i386
Unseen: no
State: 3
Dselect-State: 0
Remove-Reason: 0

Package: gtkballs
Architecture: i386
Unseen: no
State: 3
Dselect-State: 0
Remove-Reason: 0

Package: eldav
Architecture: i386
Unseen: no
State: 3
Dselect-State: 0
Remove-Reason: 0

Package: drizzle-client
Architecture: i386
Unseen: no
State: 3
Dselect-State: 0
Remove-Reason: 0

Package: python-gamera
Architecture: i386
Unseen: no
State: 3
Dselect-State: 0
Remove-Reason: 0

Package: dell-recovery-casper
Architecture: i386
Unseen: no
State: 3
Dselect-State: 0
Remove-Reason: 0

Package: dadadodo
Architecture: i386
Unseen: no
State: 3
Dselect-State: 0
Remove-Reason: 0

Package: libtwolame0
Architecture: i386
Unseen: no
State: 3
Dselect-State: 0
Remove-Reason: 0

Package: phonon-backend-gstreamer-dbg
Architecture: i386
Unseen: no
State: 3
Dselect-State: 0
Remove-Reason: 0

Package: libcgi-pm-perl
Architecture: i386
Unseen: no
State: 3
Dselect-State: 0
Remove-Reason: 0

Package: libvpx1-dbg
Architecture: i386
Unseeo
State: 3
Dselect-State: 0
Remove-Reason: 0

Package: x11proto-randr-dev
Architecture: i386
Unseen: no
State: 1
Dselect-State: 1
Remove-Reason: 0

Package: libtirpc1
Architecture: i386
Unseen: no
State: 3
Dselect-State: 0
Remove-Reason: 0

Package: libreoffice-l10n-be
Architecture: i386
Unseen: no
State: 3
Dselect-State: 0
Remove-Reason: 0

Package: itstool
Architecture: i386
Unseen: no
State: 3
Dselect-State: 0
Remove-Reason: 0

Package: language-pack-ta-base
Architecture: i386
Unseen: no
State: 3
Dselect-State: 0
Remove-Reason: 0

Package: oss-compat
Architecture: i386
Unseen: no
State: 3
Dselect-State: 0
Remove-Reason: 0

Package: tango-icon-theme-extras
Architecture: i386
Unseen: no
State: 3
Dselect-State: 0
Remove-Reason: 0

Package: python-sidl
Architecture: i386
Unseen: no
State: 3
Dselect-State: 0
Remove-Reason: 0

Package: libtpl-dev
Architecture: i386
Unseen: no
State: 3
Dselect-State: 0
Remove-Reason: 0

Package: libsilly-doc
Architecture: i386
Unseen: no
State: 3
Dselect-State: 0
Remove-Reason: 0

Package: libmcpp-dev
Architecture: i386
Unseen: no
State: 3
Dselect-State: 0
Remove-Reason: 0

Package: libgraphite-dev
Architecture: i386
Unseen: no
State: 3
Dselect-State: 0
Remove-Reason: 0

Package: libsox-fmt-all
Architecture: i386
Unseen: no
State: 3
Dselect-State: 0
Remove-Reason: 0

Package: python-eggtrayicon
Architecture: i386
Unseen: no
State: 3
Dselect-State: 0
Remove-Reason: 0

Package: libgarcon-common
Architecture: i386
Unseen: no
State: 1
Dselect-State: 1
Remove-Reason: 0

Package: libreoffice-l10n-ca
Architecture: i386
Unseen: no
State: 3
Dselect-State: 0
Remove-Reason: 0

Package: libmysqlcppconn5
Architecture: i386
Unseen: no
State: 3
Dselect-State: 0
Remove-Reason: 0

Package: libgnome-media-profiles-dev
Architecture: i386
Unseen: no
State: 3
Dselect-State: 0
Remove-Reason: 0

Package: libgdata-doc
Architecture: i386
Unseen: no
State: 3
Dselect-State: 0
Remove-Reason: 0

Package: language-pack-kde-hsb
Architecture: i386
Unseen: no
State: 3
Dselect-State: 0
Remove-Reason: 0

Package: krb5-multidev
Architecture: i386
Unseen: no
State: 1
Dselect-State: 1
Remove-Reason: 0

Package: freeglut3-dbg
Architecture: i386
Unseen: no
State: 3
Dselect-State: 0
Remove-Reason: 0

Package: styx-dev
Architecture: i386
Unseen: no
State: 3
Dselect-State: 0
Remove-Reason: 0

Package: memlockd
Architecture: i386
Unseen: no
State: 3
Dselect-State: 0
Remove-Reason: 0

Package: libghc6-sha-dev
Architecture: i386
Unseen: no
State: 3
Dselect-State: 0
Remove-Reason: 0

Package: libghc-yesod-json-doc
Architecture: i386
Unseen: no
State: 3
Dselect-State: 0
Remove-Reason: 0

Package: libghc-wai-test-prof
Architecture: i386
Unseen: no
State: 3
Dselect-State: 0
Remove-Reason: 0

Package: libdevel-caller-ignorenamespaces-perl
Architecture: i386
Unseen: no
State: 3
Dselect-State: 0
Remove-Reason: 0

Package: libcgi-session-driver-memcached-perl
Architecture: i386
Unseen: no
State: 3
Dselect-State: 0
Remove