The system is: Linux - 3.2.0-31-generic - i686
Compiling the C compiler identification source file "CMakeCCompilerId.c" succeeded.
Compiler: /usr/bin/gcc 
Build flags: 
Id flags: 

The output was:
0


Compilation of the C compiler identification source "CMakeCCompilerId.c" produced "a.out"

The C compiler identification is GNU, found in "/home/badrobot/team01/mr_msgs/build/CMakeFiles/CompilerIdC/a.out"

Compiling the CXX compiler identification source file "CMakeCXXCompilerId.cpp" succeeded.
Compiler: /usr/bin/c++ 
Build flags: 
Id flags: 

The output was:
0


Compilation of the CXX compiler identification source "CMakeCXXCompilerId.cpp" produced "a.out"

The CXX compiler identification is GNU, found in "/home/badrobot/team01/mr_msgs/build/CMakeFiles/CompilerIdCXX/a.out"

Determining if the C compiler works passed with the following output:
Change Dir: /home/badrobot/team01/mr_msgs/build/CMakeFiles/CMakeTmp

Run Build Command:/usr/bin/make "cmTryCompileExec/fast"
make[1]: Entering directory `/home/badrobot/team01/mr_msgs/build/CMakeFiles/CMakeTmp'
/usr/bin/make -f CMakeFiles/cmTryCompileExec.dir/build.make CMakeFiles/cmTryCompileExec.dir/build
make[2]: Entering directory `/home/badrobot/team01/mr_msgs/build/CMakeFiles/CMakeTmp'
/usr/bin/cmake -E cmake_progress_report /home/badrobot/team01/mr_msgs/build/CMakeFiles/CMakeTmp/CMakeFiles 1
Building C object CMakeFiles/cmTryCompileExec.dir/testCCompiler.c.o
/usr/bin/gcc    -o CMakeFiles/cmTryCompileExec.dir/testCCompiler.c.o   -c /home/badrobot/team01/mr_msgs/build/CMakeFiles/CMakeTmp/testCCompiler.c
Linking C executable cmTryCompileExec
/usr/bin/cmake -E cmake_link_script CMakeFiles/cmTryCompileExec.dir/link.txt --verbose=1
/usr/bin/gcc         CMakeFiles/cmTryCompileExec.dir/testCCompiler.c.o  -o cmTryCompileExec -rdynamic 
make[2]: Leaving directory `/home/badrobot/team01/mr_msgs/build/CMakeFiles/CMakeTmp'
make[1]: Leaving directory `/home/badrobot/team01/mr_msgs/build/CMakeFiles/CMakeTmp'


Detecting C compiler ABI info compiled with the following output:
Change Dir: /home/badrobot/team01/mr_msgs/build/CMakeFiles/CMakeTmp

Run Build Command:/usr/bin/make "cmTryCompileExec/fast"
make[1]: Entering directory `/home/badrobot/team01/mr_msgs/build/CMakeFiles/CMakeTmp'
/usr/bin/make -f CMakeFiles/cmTryCompileExec.dir/build.make CMakeFiles/cmTryCompileExec.dir/build
make[2]: Entering directory `/home/badrobot/team01/mr_msgs/build/CMakeFiles/CMakeTmp'
/usr/bin/cmake -E cmake_progress_report /home/badrobot/team01/mr_msgs/build/CMakeFiles/CMakeTmp/CMakeFiles 1
Building C object CMakeFiles/cmTryCompileExec.dir/CMakeCCompilerABI.c.o
/usr/bin/gcc    -o CMakeFiles/cmTryCompileExec.dir/CMakeCCompilerABI.c.o   -c /usr/share/cmake-2.8/Modules/CMakeCCompilerABI.c
Linking C executable cmTryCompileExec
/usr/bin/cmake -E cmake_link_script CMakeFiles/cmTryCompileExec.dir/link.txt --verbose=1
/usr/bin/gcc       -v CMakeFiles/cmTryCompileExec.dir/CMakeCCompilerABI.c.o  -o cmTryCompileExec -rdynamic  
Using built-in specs.
COLLECT_GCC=/usr/bin/gcc
COLLECT_LTO_WRAPPER=/usr/lib/gcc/i686-linux-gnu/4.6/lto-wrapper
Target: i686-linux-gnu
Configured with: ../src/configure -v --with-pkgversion='Ubuntu/Linaro 4.6.3-1ubuntu5' --with-bugurl=file:///usr/share/doc/gcc-4.6/README.Bugs --enable-languages=c,c++,fortran,objc,obj-c++ --prefix=/usr --program-suffix=-4.6 --enable-shared --enable-linker-build-id --with-system-zlib --libexecdir=/usr/lib --without-included-gettext --enable-threads=posix --with-gxx-include-dir=/usr/include/c++/4.6 --libdir=/usr/lib --enable-nls --with-sysroot=/ --enable-clocale=gnu --enable-libstdcxx-debug --enable-libstdcxx-time=yes --enable-gnu-unique-object --enable-plugin --enable-objc-gc --enable-targets=all --disable-werror --with-arch-32=i686 --with-tune=generic --enable-checking=release --build=i686-linux-gnu --host=i686-linux-gnu --target=i686-linux-gnu
Thread model: posix
gcc version 4.6.3 (Ubuntu/Linaro 4.6.3-1ubuntu5) 
COMPILER_PATH=/usr/lib/gcc/i686-linux-gnu/4.6/:/usr/lib/gcc/i686-linux-gnu/4.6/:/usr/lib/gcc/i686-linux-gnu/:/usr/lib/gcc/i686-linux-gnu/4.6/:/usr/lib/gcc/i686# CMAKE generated file: DO NOT EDIT!
# Generated by "Unix Makefiles" Generator, CMake Version 2.8

# The generator used is:
SET(CMAKE_DEPENDS_GENERATOR "Unix Makefiles")

# The top level Makefile was generated from the following files:
SET(CMAKE_MAKEFILE_DEPENDS
  "CMakeCache.txt"
  "../CMakeLists.txt"
  "CMakeFiles/CMakeCCompiler.cmake"
  "CMakeFiles/CMakeCXXCompiler.cmake"
  "CMakeFiles/CMakeSystem.cmake"
  "/opt/ros/fuerte/share/actionlib_msgs/cmake/actionbuild.cmake"
  "/opt/ros/fuerte/share/ros/core/rosbuild/ProcessorCount.cmake"
  "/opt/ros/fuerte/share/ros/core/rosbuild/private.cmake"
  "/opt/ros/fuerte/share/ros/core/rosbuild/public.cmake"
  "/opt/ros/fuerte/share/ros/core/rosbuild/rosbuild.cmake"
  "/opt/ros/fuerte/share/ros/core/rosbuild/rosconfig.cmake"
  "/opt/ros/fuerte/share/ros/core/rosbuild/rostoolchain.cmake"
  "/opt/ros/fuerte/share/roscpp/rosbuild/roscpp.cmake"
  "/opt/ros/fuerte/share/roslang/cmake/roslang.cmake"
  "/opt/ros/fuerte/share/roslisp/rosbuild/roslisp.cmake"
  "/opt/ros/fuerte/share/rospy/rosbuild/rospy.cmake"
  "/usr/share/cmake-2.8/Modules/AddFileDependencies.cmake"
  "/usr/share/cmake-2.8/Modules/CMakeCInformation.cmake"
  "/usr/share/cmake-2.8/Modules/CMakeCXXInformation.cmake"
  "/usr/share/cmake-2.8/Modules/CMakeCommonLanguageInclude.cmake"
  "/usr/share/cmake-2.8/Modules/CMakeGenericSystem.cmake"
  "/usr/share/cmake-2.8/Modules/CMakeParseArguments.cmake"
  "/usr/share/cmake-2.8/Modules/CMakeSystemSpecificInformation.cmake"
  "/usr/share/cmake-2.8/Modules/CheckCXXCompilerFlag.cmake"
  "/usr/share/cmake-2.8/Modules/CheckCXXSourceCompiles.cmake"
  "/usr/share/cmake-2.8/Modules/CheckFunctionExists.cmake"
  "/usr/share/cmake-2.8/Modules/Compiler/GNU-C.cmake"
  "/usr/share/cmake-2.8/Modules/Compiler/GNU-CXX.cmake"
  "/usr/share/cmake-2.8/Modules/Compiler/GNU.cmake"
  "/usr/share/cmake-2.8/Modules/FindPackageHandleStandardArgs.cmake"
  "/usr/share/cmake-2.8/Modules/FindPackageMessage.cmake"
  "/usr/share/cmake-2.8/Modules/FindPythonInterp.cmake"
  "/usr/share/cmake-2.8/Modules/Platform/Linux-GNU-C.cmake"
  "/usr/share/cmake-2.8/Modules/Platform/Linux-GNU-CXX.cmake"
  "/usr/share/cmake-2.8/Modules/Platform/Linux-GNU.cmake"
  "/usr/share/cmake-2.8/Modules/Platform/Linux.cmake"
  "/usr/share/cmake-2.8/Modules/Platform/UnixPaths.cmake"
  )

# The corresponding makefile is:
SET(CMAKE_MAKEFILE_OUTPUTS
  "Makefile"
  "CMakeFiles/cmake.check_cache"
  )

# Byproducts of CMake generate step:
SET(CMAKE_MAKEFILE_PRODUCTS
  "CMakeFiles/CMakeDirectoryInformation.cmake"
  )

# Dependency information for all targets:
SET(CMAKE_DEPEND_INFO_FILES
  "CMakeFiles/ROSBUILD_genaction_msgs.dir/DependInfo.cmake"
  "CMakeFiles/ROSBUILD_genmsg_cpp.dir/DependInfo.cmake"
  "CMakeFiles/ROSBUILD_genmsg_lisp.dir/DependInfo.cmake"
  "CMakeFiles/ROSBUILD_genmsg_py.dir/DependInfo.cmake"
  "CMakeFiles/ROSBUILD_gensrv_cpp.dir/DependInfo.cmake"
  "CMakeFiles/ROSBUILD_gensrv_lisp.dir/DependInfo.cmake"
  "CMakeFiles/clean-test-results.dir/DependInfo.cmake"
  "CMakeFiles/rosbuild_precompile.dir/DependInfo.cmake"
  "CMakeFiles/rosbuild_premsgsrvgen.dir/DependInfo.cmake"
  "CMakeFiles/rospack_ge